<?xml version="1.0" encoding="UTF-8"?>
<!-- Generated by org.testng.reporters.JUnitReportReporter -->
<testsuite skipped="0" hostname="LAPTOP-GTU5B200" name="testFaceBook.testFBmain" tests="1" failures="0" timestamp="06 May 2018 13:23:26 GMT" time="11.669" errors="0">
  <testcase name="testWebsite" time="11.669" classname="testFaceBook.testFBmain"/>
</testsuite> <!-- testFaceBook.testFBmain -->
